{"C:\\Users\\simon\\OneDrive - Uppsala universitet\\Documents\\PKD projekt\\Web-Fuzzer\\parsers.js": {"path":"C:\\Users\\simon\\OneDrive - Uppsala universitet\\Documents\\PKD projekt\\Web-Fuzzer\\parsers.js","statementMap":{"0":{"start":{"line":2,"column":0},"end":{"line":2,"column":62}},"1":{"start":{"line":3,"column":0},"end":{"line":3,"column":32}},"2":{"start":{"line":4,"column":0},"end":{"line":4,"column":38}},"3":{"start":{"line":5,"column":0},"end":{"line":5,"column":36}},"4":{"start":{"line":6,"column":0},"end":{"line":6,"column":30}},"5":{"start":{"line":7,"column":0},"end":{"line":7,"column":28}},"6":{"start":{"line":8,"column":0},"end":{"line":8,"column":26}},"7":{"start":{"line":10,"column":15},"end":{"line":10,"column":36}},"8":{"start":{"line":11,"column":17},"end":{"line":11,"column":19}},"9":{"start":{"line":12,"column":4},"end":{"line":25,"column":5}},"10":{"start":{"line":12,"column":18},"end":{"line":12,"column":19}},"11":{"start":{"line":12,"column":30},"end":{"line":12,"column":34}},"12":{"start":{"line":13,"column":18},"end":{"line":13,"column":28}},"13":{"start":{"line":14,"column":8},"end":{"line":24,"column":9}},"14":{"start":{"line":15,"column":21},"end":{"line":15,"column":44}},"15":{"start":{"line":15,"column":52},"end":{"line":15,"column":57}},"16":{"start":{"line":15,"column":67},"end":{"line":15,"column":72}},"17":{"start":{"line":16,"column":12},"end":{"line":16,"column":76}},"18":{"start":{"line":18,"column":13},"end":{"line":24,"column":9}},"19":{"start":{"line":19,"column":21},"end":{"line":19,"column":44}},"20":{"start":{"line":19,"column":52},"end":{"line":19,"column":57}},"21":{"start":{"line":19,"column":67},"end":{"line":19,"column":72}},"22":{"start":{"line":20,"column":12},"end":{"line":20,"column":76}},"23":{"start":{"line":22,"column":13},"end":{"line":24,"column":9}},"24":{"start":{"line":23,"column":12},"end":{"line":23,"column":40}},"25":{"start":{"line":26,"column":4},"end":{"line":26,"column":18}},"26":{"start":{"line":29,"column":16},"end":{"line":29,"column":56}},"27":{"start":{"line":30,"column":4},"end":{"line":30,"column":35}},"28":{"start":{"line":33,"column":16},"end":{"line":33,"column":51}},"29":{"start":{"line":34,"column":4},"end":{"line":34,"column":43}},"30":{"start":{"line":37,"column":13},"end":{"line":37,"column":38}},"31":{"start":{"line":37,"column":58},"end":{"line":37,"column":63}},"32":{"start":{"line":37,"column":80},"end":{"line":37,"column":85}},"33":{"start":{"line":38,"column":4},"end":{"line":44,"column":5}},"34":{"start":{"line":39,"column":8},"end":{"line":39,"column":31}},"35":{"start":{"line":42,"column":21},"end":{"line":42,"column":52}},"36":{"start":{"line":43,"column":8},"end":{"line":43,"column":102}},"37":{"start":{"line":47,"column":16},"end":{"line":47,"column":44}},"38":{"start":{"line":48,"column":4},"end":{"line":48,"column":37}},"39":{"start":{"line":51,"column":16},"end":{"line":51,"column":18}},"40":{"start":{"line":52,"column":16},"end":{"line":52,"column":34}},"41":{"start":{"line":54,"column":4},"end":{"line":56,"column":5}},"42":{"start":{"line":55,"column":8},"end":{"line":55,"column":29}},"43":{"start":{"line":57,"column":4},"end":{"line":57,"column":17}}},"fnMap":{"0":{"name":"parse_args","decl":{"start":{"line":9,"column":9},"end":{"line":9,"column":19}},"loc":{"start":{"line":9,"column":22},"end":{"line":27,"column":1}},"line":9},"1":{"name":"parse_content","decl":{"start":{"line":28,"column":9},"end":{"line":28,"column":22}},"loc":{"start":{"line":28,"column":31},"end":{"line":31,"column":1}},"line":28},"2":{"name":"parse_status","decl":{"start":{"line":32,"column":9},"end":{"line":32,"column":21}},"loc":{"start":{"line":32,"column":28},"end":{"line":35,"column":1}},"line":32},"3":{"name":"change_cl","decl":{"start":{"line":36,"column":9},"end":{"line":36,"column":18}},"loc":{"start":{"line":36,"column":28},"end":{"line":45,"column":1}},"line":36},"4":{"name":"get_body","decl":{"start":{"line":46,"column":9},"end":{"line":46,"column":17}},"loc":{"start":{"line":46,"column":28},"end":{"line":49,"column":1}},"line":46},"5":{"name":"get_url","decl":{"start":{"line":50,"column":9},"end":{"line":50,"column":16}},"loc":{"start":{"line":50,"column":23},"end":{"line":58,"column":1}},"line":50}},"branchMap":{"0":{"loc":{"start":{"line":14,"column":8},"end":{"line":24,"column":9}},"type":"if","locations":[{"start":{"line":14,"column":8},"end":{"line":24,"column":9}},{"start":{"line":18,"column":13},"end":{"line":24,"column":9}}],"line":14},"1":{"loc":{"start":{"line":16,"column":26},"end":{"line":16,"column":75}},"type":"cond-expr","locations":[{"start":{"line":16,"column":63},"end":{"line":16,"column":68}},{"start":{"line":16,"column":71},"end":{"line":16,"column":75}}],"line":16},"2":{"loc":{"start":{"line":16,"column":26},"end":{"line":16,"column":60}},"type":"binary-expr","locations":[{"start":{"line":16,"column":26},"end":{"line":16,"column":40}},{"start":{"line":16,"column":44},"end":{"line":16,"column":60}}],"line":16},"3":{"loc":{"start":{"line":18,"column":13},"end":{"line":24,"column":9}},"type":"if","locations":[{"start":{"line":18,"column":13},"end":{"line":24,"column":9}},{"start":{"line":22,"column":13},"end":{"line":24,"column":9}}],"line":18},"4":{"loc":{"start":{"line":20,"column":26},"end":{"line":20,"column":75}},"type":"cond-expr","locations":[{"start":{"line":20,"column":63},"end":{"line":20,"column":68}},{"start":{"line":20,"column":71},"end":{"line":20,"column":75}}],"line":20},"5":{"loc":{"start":{"line":20,"column":26},"end":{"line":20,"column":60}},"type":"binary-expr","locations":[{"start":{"line":20,"column":26},"end":{"line":20,"column":40}},{"start":{"line":20,"column":44},"end":{"line":20,"column":60}}],"line":20},"6":{"loc":{"start":{"line":22,"column":13},"end":{"line":24,"column":9}},"type":"if","locations":[{"start":{"line":22,"column":13},"end":{"line":24,"column":9}},{"start":{},"end":{}}],"line":22},"7":{"loc":{"start":{"line":30,"column":11},"end":{"line":30,"column":34}},"type":"cond-expr","locations":[{"start":{"line":30,"column":19},"end":{"line":30,"column":27}},{"start":{"line":30,"column":30},"end":{"line":30,"column":34}}],"line":30},"8":{"loc":{"start":{"line":34,"column":11},"end":{"line":34,"column":42}},"type":"cond-expr","locations":[{"start":{"line":34,"column":19},"end":{"line":34,"column":35}},{"start":{"line":34,"column":38},"end":{"line":34,"column":42}}],"line":34},"9":{"loc":{"start":{"line":38,"column":4},"end":{"line":44,"column":5}},"type":"if","locations":[{"start":{"line":38,"column":4},"end":{"line":44,"column":5}},{"start":{"line":41,"column":9},"end":{"line":44,"column":5}}],"line":38}},"s":{"0":1,"1":1,"2":1,"3":1,"4":1,"5":1,"6":1,"7":1,"8":1,"9":1,"10":1,"11":1,"12":3,"13":3,"14":2,"15":2,"16":2,"17":2,"18":1,"19":1,"20":1,"21":1,"22":1,"23":0,"24":0,"25":1,"26":2,"27":2,"28":1,"29":1,"30":1,"31":1,"32":1,"33":1,"34":0,"35":1,"36":1,"37":1,"38":1,"39":1,"40":1,"41":1,"42":2,"43":1},"f":{"0":1,"1":2,"2":1,"3":1,"4":1,"5":1},"b":{"0":[2,1],"1":[1,1],"2":[2,2],"3":[1,0],"4":[0,1],"5":[1,1],"6":[0,0],"7":[1,1],"8":[1,0],"9":[0,1]},"inputSourceMap":null,"_coverageSchema":"1a1c01bbd47fc00a2c39e90264f33305004495a9","hash":"decbdbd9bfbee27478493483a0d57e80ffb72d12"}
}
