TN:
SF:parsers.js
FN:9,parse_args
FN:28,parse_content
FN:32,parse_status
FN:36,change_cl
FN:46,get_body
FN:50,get_url
FNF:6
FNH:6
FNDA:1,parse_args
FNDA:2,parse_content
FNDA:1,parse_status
FNDA:1,change_cl
FNDA:1,get_body
FNDA:1,get_url
DA:2,1
DA:3,1
DA:4,1
DA:5,1
DA:6,1
DA:7,1
DA:8,1
DA:10,1
DA:11,1
DA:12,1
DA:13,3
DA:14,3
DA:15,2
DA:16,2
DA:18,1
DA:19,1
DA:20,1
DA:22,0
DA:23,0
DA:26,1
DA:29,2
DA:30,2
DA:33,1
DA:34,1
DA:37,1
DA:38,1
DA:39,0
DA:42,1
DA:43,1
DA:47,1
DA:48,1
DA:51,1
DA:52,1
DA:54,1
DA:55,2
DA:57,1
LF:36
LH:33
BRDA:14,0,0,2
BRDA:14,0,1,1
BRDA:16,1,0,1
BRDA:16,1,1,1
BRDA:16,2,0,2
BRDA:16,2,1,2
BRDA:18,3,0,1
BRDA:18,3,1,0
BRDA:20,4,0,0
BRDA:20,4,1,1
BRDA:20,5,0,1
BRDA:20,5,1,1
BRDA:22,6,0,0
BRDA:22,6,1,0
BRDA:30,7,0,1
BRDA:30,7,1,1
BRDA:34,8,0,1
BRDA:34,8,1,0
BRDA:38,9,0,0
BRDA:38,9,1,1
BRF:20
BRH:14
end_of_record
